<?xml version="1.0" encoding="UTF-8"?>
<testng-results ignored="0" total="1" passed="1" failed="0" skipped="0">
  <reporter-output>
  </reporter-output>
  <suite started-at="2022-10-21T16:46:18 IST" name="Default suite" finished-at="2022-10-21T16:48:12 IST" duration-ms="113922">
    <groups>
    </groups>
    <test started-at="2022-10-21T16:46:18 IST" name="Default test" finished-at="2022-10-21T16:48:12 IST" duration-ms="113922">
      <class name="com.esave.mail.NewTest">
        <test-method signature="f()[pri:0, instance:com.esave.mail.NewTest@3857f613]" started-at="2022-10-21T16:46:18 IST" name="f" finished-at="2022-10-21T16:48:12 IST" duration-ms="113870" status="PASS">
          <reporter-output>
          </reporter-output>
        </test-method> <!-- f -->
      </class> <!-- com.esave.mail.NewTest -->
    </test> <!-- Default test -->
  </suite> <!-- Default suite -->
</testng-results>
